<?xml version="1.0" encoding="UTF-8"?>
<!-- Generated by org.testng.reporters.JUnitReportReporter -->
<testsuite skipped="0" hostname="PRAMOD-PC" name="com.linkedin.qa.testcases.LoginPageTest" tests="2" failures="0" timestamp="22 Nov 2017 09:09:25 GMT" time="26.314" errors="0">
  <testcase name="loginPageTitleTest" time="8.552" classname="com.linkedin.qa.testcases.LoginPageTest"/>
  <testcase name="loginTest" time="17.762" classname="com.linkedin.qa.testcases.LoginPageTest"/>
</testsuite> <!-- com.linkedin.qa.testcases.LoginPageTest -->
